Der Buildvorgang wurde am 11.09.2015 17:16:10 gestartet.
     1>Projekt "C:\ETH\Neuro\GlobalTracking\scripts\c++ scripts\0_checkerboard_gpu\0_checkerboard_gpu\0_checkerboard_gpu.vcxproj" auf Knoten "2", Build Ziel(e).
     1>AddCudaCompileDeps:
         C:\Apps\Visual Studio 13\VC\bin\cl.exe /E /nologo /showIncludes /TP /D__CUDACC__ /DWIN32 /D_DEBUG /D_CONSOLE /D_MBCS /I"C:\Program Files\NVIDIA GPU Computing Toolkit\CUDA\v7.0\include" /I"C:\Program Files\NVIDIA GPU Computing Toolkit\CUDA\v7.0\bin" /I"C:\Program Files\NVIDIA GPU Computing Toolkit\CUDA\v7.0\include" /I. /FIcuda_runtime.h /c "C:\ETH\Neuro\GlobalTracking\scripts\c++ scripts\0_checkerboard_gpu\0_checkerboard_gpu\kernel.cu" 
       CudaBuild:
         Compiling CUDA source file kernel.cu...
         cmd.exe /C "C:\Users\vikweg\AppData\Local\Temp\tmp7e06384ad4c24a65b9a62058de39c5ad.cmd"
         "C:\Program Files\NVIDIA GPU Computing Toolkit\CUDA\v7.0\bin\nvcc.exe" -gencode=arch=compute_20,code=\"sm_20,compute_20\" --use-local-env --cl-version 2013 -ccbin "C:\Apps\Visual Studio 13\VC\bin"  -I"C:\Program Files\NVIDIA GPU Computing Toolkit\CUDA\v7.0\include" -I"C:\Program Files\NVIDIA GPU Computing Toolkit\CUDA\v7.0\include"  -G   --keep-dir Debug -maxrregcount=0  --machine 32 --compile -cudart static  -g  -use_fast_math -DWIN32 -D_DEBUG -D_CONSOLE -D_MBCS -Xcompiler "/EHsc /W3 /nologo /O2 /Zi  /MDd  " -o Debug\kernel.cu.obj "C:\ETH\Neuro\GlobalTracking\scripts\c++ scripts\0_checkerboard_gpu\0_checkerboard_gpu\kernel.cu"
         
         C:\ETH\Neuro\GlobalTracking\scripts\c++ scripts\0_checkerboard_gpu\0_checkerboard_gpu>"C:\Program Files\NVIDIA GPU Computing Toolkit\CUDA\v7.0\bin\nvcc.exe" -gencode=arch=compute_20,code=\"sm_20,compute_20\" --use-local-env --cl-version 2013 -ccbin "C:\Apps\Visual Studio 13\VC\bin"  -I"C:\Program Files\NVIDIA GPU Computing Toolkit\CUDA\v7.0\include" -I"C:\Program Files\NVIDIA GPU Computing Toolkit\CUDA\v7.0\include"  -G   --keep-dir Debug -maxrregcount=0  --machine 32 --compile -cudart static  -g  -use_fast_math -DWIN32 -D_DEBUG -D_CONSOLE -D_MBCS -Xcompiler "/EHsc /W3 /nologo /O2 /Zi  /MDd  " -o Debug\kernel.cu.obj "C:\ETH\Neuro\GlobalTracking\scripts\c++ scripts\0_checkerboard_gpu\0_checkerboard_gpu\kernel.cu" 
     1>C:\Apps\gnuplot\gnucpp\gnuplot_i.hpp(1782): warning : statement is unreachable
     1>C:\Apps\gnuplot\gnucpp\gnuplot_i.hpp(1815): warning : statement is unreachable
     1>C:\Apps\gnuplot\gnucpp\gnuplot_i.hpp(1832): warning : statement is unreachable
     1>C:\Apps\gnuplot\gnucpp\gnuplot_i.hpp(1867): warning : statement is unreachable
     1>C:\Apps\gnuplot\gnucpp\gnuplot_i.hpp(1873): warning : statement is unreachable
     1>C:\Apps\gnuplot\gnucpp\gnuplot_i.hpp(1875): warning : missing return statement at end of non-void function "Gnuplot::file_available"
     1>C:\Apps\gnuplot\gnucpp\gnuplot_i.hpp(1902): warning : statement is unreachable
     1>C:\Apps\gnuplot\gnucpp\gnuplot_i.hpp(1928): warning : statement is unreachable
     1>C:\Apps\gnuplot\gnucpp\gnuplot_i.hpp(1937): warning : statement is unreachable
     1>C:\Apps\gnuplot\gnucpp\gnuplot_i.hpp(699): warning : statement is unreachable
     1>C:\Apps\gnuplot\gnucpp\gnuplot_i.hpp(733): warning : statement is unreachable
     1>C:\Apps\gnuplot\gnucpp\gnuplot_i.hpp(739): warning : statement is unreachable
     1>C:\Apps\gnuplot\gnucpp\gnuplot_i.hpp(821): warning : statement is unreachable
     1>C:\Apps\gnuplot\gnucpp\gnuplot_i.hpp(827): warning : statement is unreachable
     1>C:\Apps\gnuplot\gnucpp\gnuplot_i.hpp(699): warning : statement is unreachable
     1>C:\Apps\gnuplot\gnucpp\gnuplot_i.hpp(733): warning : statement is unreachable
     1>C:\Apps\gnuplot\gnucpp\gnuplot_i.hpp(739): warning : statement is unreachable
     1>C:\Apps\gnuplot\gnucpp\gnuplot_i.hpp(776): warning : statement is unreachable
     1>C:\Apps\gnuplot\gnucpp\gnuplot_i.hpp(782): warning : statement is unreachable
     1>C:\Apps\gnuplot\gnucpp\gnuplot_i.hpp(821): warning : statement is unreachable
     1>C:\Apps\gnuplot\gnucpp\gnuplot_i.hpp(827): warning : statement is unreachable
     1>C:\Apps\gnuplot\gnucpp\gnuplot_i.hpp(1782): warning : statement is unreachable
     1>C:\Apps\gnuplot\gnucpp\gnuplot_i.hpp(1815): warning : statement is unreachable
     1>C:\Apps\gnuplot\gnucpp\gnuplot_i.hpp(1832): warning : statement is unreachable
     1>C:\Apps\gnuplot\gnucpp\gnuplot_i.hpp(1867): warning : statement is unreachable
     1>C:\Apps\gnuplot\gnucpp\gnuplot_i.hpp(1873): warning : statement is unreachable
     1>C:\Apps\gnuplot\gnucpp\gnuplot_i.hpp(1875): warning : missing return statement at end of non-void function "Gnuplot::file_available"
     1>C:\Apps\gnuplot\gnucpp\gnuplot_i.hpp(1902): warning : statement is unreachable
     1>C:\Apps\gnuplot\gnucpp\gnuplot_i.hpp(1928): warning : statement is unreachable
     1>C:\Apps\gnuplot\gnucpp\gnuplot_i.hpp(1937): warning : statement is unreachable
         kernel.cu
     1>C:\Apps\gnuplot\gnucpp\gnuplot_i.hpp(1601): warning C4018: '<': Konflikt zwischen 'signed' und 'unsigned'
     1>C:\Apps\gnuplot\gnucpp\gnuplot_i.hpp(1603): warning C4018: '<': Konflikt zwischen 'signed' und 'unsigned'
     1>c:\eth\neuro\globaltracking\scripts\c++ scripts\0_checkerboard_gpu\0_checkerboard_gpu\energy.h(23): warning C4244: 'Initialisierung': Konvertierung von 'double' in 'float', möglicher Datenverlust
     1>c:\eth\neuro\globaltracking\scripts\c++ scripts\0_checkerboard_gpu\0_checkerboard_gpu\init_ensemble.h(77): warning C4244: 'Initialisierung': Konvertierung von 'double' in 'int', möglicher Datenverlust
     1>c:\eth\neuro\globaltracking\scripts\c++ scripts\0_checkerboard_gpu\0_checkerboard_gpu\init_ensemble.h(78): warning C4244: 'Initialisierung': Konvertierung von 'double' in 'int', möglicher Datenverlust
     1>c:\eth\neuro\globaltracking\scripts\c++ scripts\0_checkerboard_gpu\0_checkerboard_gpu\init_ensemble.h(79): warning C4244: 'Initialisierung': Konvertierung von 'double' in 'int', möglicher Datenverlust
     1>c:\eth\neuro\globaltracking\scripts\c++ scripts\0_checkerboard_gpu\0_checkerboard_gpu\init_ensemble.h(156): warning C4244: 'Initialisierung': Konvertierung von 'double' in 'float', möglicher Datenverlust
     1>c:\eth\neuro\globaltracking\scripts\c++ scripts\0_checkerboard_gpu\0_checkerboard_gpu\init_ensemble.h(157): warning C4244: 'Initialisierung': Konvertierung von 'double' in 'float', möglicher Datenverlust
     1>c:\eth\neuro\globaltracking\scripts\c++ scripts\0_checkerboard_gpu\0_checkerboard_gpu\init_ensemble.h(158): warning C4244: 'Initialisierung': Konvertierung von 'double' in 'float', möglicher Datenverlust
     1>c:\apps\gnuplot\gnucpp\gnuplot_i.hpp(1875): warning C4715: "Gnuplot::file_available": Nicht alle Steuerelementpfade geben einen Wert zurück.
       Link:
         C:\Apps\Visual Studio 13\VC\bin\link.exe /ERRORREPORT:PROMPT /OUT:"C:\ETH\Neuro\GlobalTracking\scripts\c++ scripts\0_checkerboard_gpu\Debug\0_checkerboard_gpu.exe" /INCREMENTAL /NOLOGO /LIBPATH:"C:\Program Files\NVIDIA GPU Computing Toolkit\CUDA\v7.0\lib\Win32" cudart.lib kernel32.lib user32.lib gdi32.lib winspool.lib comdlg32.lib advapi32.lib shell32.lib ole32.lib oleaut32.lib uuid.lib odbc32.lib odbccp32.lib kernel32.lib user32.lib gdi32.lib winspool.lib comdlg32.lib advapi32.lib shell32.lib ole32.lib oleaut32.lib uuid.lib odbc32.lib odbccp32.lib /MANIFEST /MANIFESTUAC:"level='asInvoker' uiAccess='false'" /manifest:embed /DEBUG /PDB:"C:\ETH\Neuro\GlobalTracking\scripts\c++ scripts\0_checkerboard_gpu\Debug\0_checkerboard_gpu.pdb" /SUBSYSTEM:CONSOLE /TLBID:1 /DYNAMICBASE /NXCOMPAT /IMPLIB:"C:\ETH\Neuro\GlobalTracking\scripts\c++ scripts\0_checkerboard_gpu\Debug\0_checkerboard_gpu.lib" /MACHINE:X86 Debug\kernel.cu.obj
         0_checkerboard_gpu.vcxproj -> C:\ETH\Neuro\GlobalTracking\scripts\c++ scripts\0_checkerboard_gpu\Debug\0_checkerboard_gpu.exe
       PostBuildEvent:
         echo copy "C:\Program Files\NVIDIA GPU Computing Toolkit\CUDA\v7.0\bin\cudart*.dll" "C:\ETH\Neuro\GlobalTracking\scripts\c++ scripts\0_checkerboard_gpu\Debug\"
         copy "C:\Program Files\NVIDIA GPU Computing Toolkit\CUDA\v7.0\bin\cudart*.dll" "C:\ETH\Neuro\GlobalTracking\scripts\c++ scripts\0_checkerboard_gpu\Debug\"
         :VCEnd
         copy "C:\Program Files\NVIDIA GPU Computing Toolkit\CUDA\v7.0\bin\cudart*.dll" "C:\ETH\Neuro\GlobalTracking\scripts\c++ scripts\0_checkerboard_gpu\Debug\"
         C:\Program Files\NVIDIA GPU Computing Toolkit\CUDA\v7.0\bin\cudart32_70.dll
         C:\Program Files\NVIDIA GPU Computing Toolkit\CUDA\v7.0\bin\cudart64_70.dll
                 2 Datei(en) kopiert.
     1>Die Erstellung des Projekts "C:\ETH\Neuro\GlobalTracking\scripts\c++ scripts\0_checkerboard_gpu\0_checkerboard_gpu\0_checkerboard_gpu.vcxproj" ist abgeschlossen, Build Ziel(e).

Build erfolgreich.

Verstrichene Zeit 00:00:07.19
