Der Buildvorgang wurde am 30.07.2015 16:49:16 gestartet.
     1>Projekt "C:\ETH\Neuro\GlobalTracking\scripts\c++ scripts\fiber_tracking_cuda\fiber_tracking_cuda\fiber_tracking_cuda.vcxproj" auf Knoten "2", Build Ziel(e).
     1>AddCudaCompileDeps:
         C:\Apps\Visual Studio 13\VC\bin\cl.exe /E /nologo /showIncludes /TP /D__CUDACC__ /DWIN32 /D_DEBUG /D_CONSOLE /D_MBCS /I"C:\Program Files\NVIDIA GPU Computing Toolkit\CUDA\v7.0\include" /I"C:\Program Files\NVIDIA GPU Computing Toolkit\CUDA\v7.0\bin" /I"C:\Program Files\NVIDIA GPU Computing Toolkit\CUDA\v7.0\include" /I. /FIcuda_runtime.h /c "C:\ETH\Neuro\GlobalTracking\scripts\c++ scripts\fiber_tracking_cuda\fiber_tracking_cuda\kernel.cu" 
       CudaBuild:
         Compiling CUDA source file kernel.cu...
         cmd.exe /C "C:\Users\vikweg\AppData\Local\Temp\tmpb6551dcb58bb4d23a49fc17362ef2fdf.cmd"
         "C:\Program Files\NVIDIA GPU Computing Toolkit\CUDA\v7.0\bin\nvcc.exe" -gencode=arch=compute_20,code=\"sm_20,compute_20\" --use-local-env --cl-version 2013 -ccbin "C:\Apps\Visual Studio 13\VC\bin"  -I"C:\Program Files\NVIDIA GPU Computing Toolkit\CUDA\v7.0\include" -I"C:\Program Files\NVIDIA GPU Computing Toolkit\CUDA\v7.0\include"  -G   --keep-dir Debug -maxrregcount=0  --machine 32 --compile -cudart static  -g   -DWIN32 -D_DEBUG -D_CONSOLE -D_MBCS -Xcompiler "/EHsc /W3 /nologo /Od /Zi /RTC1 /MDd  " -o Debug\kernel.cu.obj "C:\ETH\Neuro\GlobalTracking\scripts\c++ scripts\fiber_tracking_cuda\fiber_tracking_cuda\kernel.cu"
         
         C:\ETH\Neuro\GlobalTracking\scripts\c++ scripts\fiber_tracking_cuda\fiber_tracking_cuda>"C:\Program Files\NVIDIA GPU Computing Toolkit\CUDA\v7.0\bin\nvcc.exe" -gencode=arch=compute_20,code=\"sm_20,compute_20\" --use-local-env --cl-version 2013 -ccbin "C:\Apps\Visual Studio 13\VC\bin"  -I"C:\Program Files\NVIDIA GPU Computing Toolkit\CUDA\v7.0\include" -I"C:\Program Files\NVIDIA GPU Computing Toolkit\CUDA\v7.0\include"  -G   --keep-dir Debug -maxrregcount=0  --machine 32 --compile -cudart static  -g   -DWIN32 -D_DEBUG -D_CONSOLE -D_MBCS -Xcompiler "/EHsc /W3 /nologo /Od /Zi /RTC1 /MDd  " -o Debug\kernel.cu.obj "C:\ETH\Neuro\GlobalTracking\scripts\c++ scripts\fiber_tracking_cuda\fiber_tracking_cuda\kernel.cu" 
     1>C:\Apps\gnuplot\gnucpp\gnuplot_i.hpp(1782): warning : statement is unreachable
     1>C:\Apps\gnuplot\gnucpp\gnuplot_i.hpp(1815): warning : statement is unreachable
     1>C:\Apps\gnuplot\gnucpp\gnuplot_i.hpp(1832): warning : statement is unreachable
     1>C:\Apps\gnuplot\gnucpp\gnuplot_i.hpp(1867): warning : statement is unreachable
     1>C:\Apps\gnuplot\gnucpp\gnuplot_i.hpp(1873): warning : statement is unreachable
     1>C:\Apps\gnuplot\gnucpp\gnuplot_i.hpp(1875): warning : missing return statement at end of non-void function "Gnuplot::file_available"
     1>C:\Apps\gnuplot\gnucpp\gnuplot_i.hpp(1902): warning : statement is unreachable
     1>C:\Apps\gnuplot\gnucpp\gnuplot_i.hpp(1928): warning : statement is unreachable
     1>C:\Apps\gnuplot\gnucpp\gnuplot_i.hpp(1937): warning : statement is unreachable
     1>c:\eth\neuro\globaltracking\scripts\c++ scripts\fiber_tracking_cuda\fiber_tracking_cuda\initialization.h(15): warning : specifiers after comma between declarations are nonstandard
     1>c:\eth\neuro\globaltracking\scripts\c++ scripts\fiber_tracking_cuda\fiber_tracking_cuda\initialization.h(19): warning : specifiers after comma between declarations are nonstandard
     1>c:\eth\neuro\globaltracking\scripts\c++ scripts\fiber_tracking_cuda\fiber_tracking_cuda\initialization.h(19): warning : specifiers after comma between declarations are nonstandard
     1>C:\Apps\gnuplot\gnucpp\gnuplot_i.hpp(699): warning : statement is unreachable
     1>C:\Apps\gnuplot\gnucpp\gnuplot_i.hpp(733): warning : statement is unreachable
     1>C:\Apps\gnuplot\gnucpp\gnuplot_i.hpp(739): warning : statement is unreachable
     1>C:\Apps\gnuplot\gnucpp\gnuplot_i.hpp(821): warning : statement is unreachable
     1>C:\Apps\gnuplot\gnucpp\gnuplot_i.hpp(827): warning : statement is unreachable
     1>C:\Apps\gnuplot\gnucpp\gnuplot_i.hpp(699): warning : statement is unreachable
     1>C:\Apps\gnuplot\gnucpp\gnuplot_i.hpp(733): warning : statement is unreachable
     1>C:\Apps\gnuplot\gnucpp\gnuplot_i.hpp(739): warning : statement is unreachable
     1>C:\Apps\gnuplot\gnucpp\gnuplot_i.hpp(776): warning : statement is unreachable
     1>C:\Apps\gnuplot\gnucpp\gnuplot_i.hpp(782): warning : statement is unreachable
     1>C:\Apps\gnuplot\gnucpp\gnuplot_i.hpp(821): warning : statement is unreachable
     1>C:\Apps\gnuplot\gnucpp\gnuplot_i.hpp(827): warning : statement is unreachable
     1>C:\Apps\gnuplot\gnucpp\gnuplot_i.hpp(1782): warning : statement is unreachable
     1>C:\Apps\gnuplot\gnucpp\gnuplot_i.hpp(1815): warning : statement is unreachable
     1>C:\Apps\gnuplot\gnucpp\gnuplot_i.hpp(1832): warning : statement is unreachable
     1>C:\Apps\gnuplot\gnucpp\gnuplot_i.hpp(1867): warning : statement is unreachable
     1>C:\Apps\gnuplot\gnucpp\gnuplot_i.hpp(1873): warning : statement is unreachable
     1>C:\Apps\gnuplot\gnucpp\gnuplot_i.hpp(1875): warning : missing return statement at end of non-void function "Gnuplot::file_available"
     1>C:\Apps\gnuplot\gnucpp\gnuplot_i.hpp(1902): warning : statement is unreachable
     1>C:\Apps\gnuplot\gnucpp\gnuplot_i.hpp(1928): warning : statement is unreachable
     1>C:\Apps\gnuplot\gnucpp\gnuplot_i.hpp(1937): warning : statement is unreachable
     1>c:\eth\neuro\globaltracking\scripts\c++ scripts\fiber_tracking_cuda\fiber_tracking_cuda\initialization.h(15): warning : specifiers after comma between declarations are nonstandard
     1>c:\eth\neuro\globaltracking\scripts\c++ scripts\fiber_tracking_cuda\fiber_tracking_cuda\initialization.h(19): warning : specifiers after comma between declarations are nonstandard
     1>c:\eth\neuro\globaltracking\scripts\c++ scripts\fiber_tracking_cuda\fiber_tracking_cuda\initialization.h(19): warning : specifiers after comma between declarations are nonstandard
         kernel.cu
     1>C:\Apps\gnuplot\gnucpp\gnuplot_i.hpp(1601): warning C4018: '<': Konflikt zwischen 'signed' und 'unsigned'
     1>C:\Apps\gnuplot\gnucpp\gnuplot_i.hpp(1603): warning C4018: '<': Konflikt zwischen 'signed' und 'unsigned'
     1>c:\eth\neuro\globaltracking\scripts\c++ scripts\fiber_tracking_cuda\fiber_tracking_cuda\dev_definitions.h(108): warning C4244: 'Initialisierung': Konvertierung von 'float' in 'long', möglicher Datenverlust
     1>c:\eth\neuro\globaltracking\scripts\c++ scripts\fiber_tracking_cuda\fiber_tracking_cuda\dev_definitions.h(125): warning C4244: 'return': Konvertierung von 'double' in 'float', möglicher Datenverlust
     1>c:\eth\neuro\globaltracking\scripts\c++ scripts\fiber_tracking_cuda\fiber_tracking_cuda\dev_definitions.h(143): warning C4244: 'Initialisierung': Konvertierung von 'double' in 'float', möglicher Datenverlust
     1>c:\eth\neuro\globaltracking\scripts\c++ scripts\fiber_tracking_cuda\fiber_tracking_cuda\host_energy.h(27): warning C4244: 'return': Konvertierung von 'double' in 'float', möglicher Datenverlust
     1>c:\eth\neuro\globaltracking\scripts\c++ scripts\fiber_tracking_cuda\fiber_tracking_cuda\host_energy.h(49): warning C4244: 'return': Konvertierung von 'double' in 'float', möglicher Datenverlust
     1>c:\eth\neuro\globaltracking\scripts\c++ scripts\fiber_tracking_cuda\fiber_tracking_cuda\host_energy.h(78): warning C4244: 'return': Konvertierung von 'double' in 'float', möglicher Datenverlust
     1>c:\eth\neuro\globaltracking\scripts\c++ scripts\fiber_tracking_cuda\fiber_tracking_cuda\host_energy.h(85): warning C4244: 'Argument': Konvertierung von 'int' in 'float', möglicher Datenverlust
     1>c:\eth\neuro\globaltracking\scripts\c++ scripts\fiber_tracking_cuda\fiber_tracking_cuda\host_energy.h(85): warning C4244: '+=': Konvertierung von 'double' in 'float', möglicher Datenverlust
     1>c:\eth\neuro\globaltracking\scripts\c++ scripts\fiber_tracking_cuda\fiber_tracking_cuda\host_energy.h(86): warning C4244: 'Argument': Konvertierung von 'int' in 'float', möglicher Datenverlust
     1>c:\eth\neuro\globaltracking\scripts\c++ scripts\fiber_tracking_cuda\fiber_tracking_cuda\host_energy.h(86): warning C4244: '+=': Konvertierung von 'double' in 'float', möglicher Datenverlust
     1>c:\eth\neuro\globaltracking\scripts\c++ scripts\fiber_tracking_cuda\fiber_tracking_cuda\host_energy.h(93): warning C4244: 'Argument': Konvertierung von 'int' in 'float', möglicher Datenverlust
     1>c:\eth\neuro\globaltracking\scripts\c++ scripts\fiber_tracking_cuda\fiber_tracking_cuda\host_energy.h(94): warning C4244: 'Argument': Konvertierung von 'int' in 'float', möglicher Datenverlust
     1>c:\eth\neuro\globaltracking\scripts\c++ scripts\fiber_tracking_cuda\fiber_tracking_cuda\host_energy.h(104): warning C4244: 'Argument': Konvertierung von 'int' in 'float', möglicher Datenverlust
     1>c:\eth\neuro\globaltracking\scripts\c++ scripts\fiber_tracking_cuda\fiber_tracking_cuda\host_energy.h(104): warning C4244: '+=': Konvertierung von 'double' in 'float', möglicher Datenverlust
     1>c:\eth\neuro\globaltracking\scripts\c++ scripts\fiber_tracking_cuda\fiber_tracking_cuda\host_energy.h(105): warning C4244: 'Argument': Konvertierung von 'int' in 'float', möglicher Datenverlust
     1>c:\eth\neuro\globaltracking\scripts\c++ scripts\fiber_tracking_cuda\fiber_tracking_cuda\host_energy.h(105): warning C4244: '+=': Konvertierung von 'double' in 'float', möglicher Datenverlust
     1>c:\eth\neuro\globaltracking\scripts\c++ scripts\fiber_tracking_cuda\fiber_tracking_cuda\host_energy.h(121): warning C4244: 'return': Konvertierung von 'double' in 'float', möglicher Datenverlust
     1>c:\eth\neuro\globaltracking\scripts\c++ scripts\fiber_tracking_cuda\fiber_tracking_cuda\host_energy.h(136): warning C4244: 'return': Konvertierung von 'double' in 'float', möglicher Datenverlust
     1>c:\eth\neuro\globaltracking\scripts\c++ scripts\fiber_tracking_cuda\fiber_tracking_cuda\initialization.h(31): warning C4244: 'Argument': Konvertierung von 'float' in 'int', möglicher Datenverlust
     1>c:\eth\neuro\globaltracking\scripts\c++ scripts\fiber_tracking_cuda\fiber_tracking_cuda\initialization.h(32): warning C4244: 'Argument': Konvertierung von 'float' in 'int', möglicher Datenverlust
     1>c:\eth\neuro\globaltracking\scripts\c++ scripts\fiber_tracking_cuda\fiber_tracking_cuda\initialization.h(33): warning C4244: 'Argument': Konvertierung von 'float' in 'int', möglicher Datenverlust
     1>c:\eth\neuro\globaltracking\scripts\c++ scripts\fiber_tracking_cuda\fiber_tracking_cuda\initialization.h(36): warning C4244: 'Argument': Konvertierung von 'float' in 'int', möglicher Datenverlust
     1>c:\eth\neuro\globaltracking\scripts\c++ scripts\fiber_tracking_cuda\fiber_tracking_cuda\initialization.h(70): warning C4244: 'Initialisierung': Konvertierung von 'double' in 'int', möglicher Datenverlust
     1>c:\eth\neuro\globaltracking\scripts\c++ scripts\fiber_tracking_cuda\fiber_tracking_cuda\initialization.h(71): warning C4244: 'Initialisierung': Konvertierung von 'double' in 'int', möglicher Datenverlust
     1>c:\eth\neuro\globaltracking\scripts\c++ scripts\fiber_tracking_cuda\fiber_tracking_cuda\initialization.h(72): warning C4244: 'Initialisierung': Konvertierung von 'double' in 'int', möglicher Datenverlust
     1>c:\eth\neuro\globaltracking\scripts\c++ scripts\fiber_tracking_cuda\fiber_tracking_cuda\initialization.h(140): warning C4244: 'Initialisierung': Konvertierung von 'double' in 'float', möglicher Datenverlust
     1>c:\eth\neuro\globaltracking\scripts\c++ scripts\fiber_tracking_cuda\fiber_tracking_cuda\initialization.h(171): warning C4244: '=': Konvertierung von 'double' in 'float', möglicher Datenverlust
     1>c:\eth\neuro\globaltracking\scripts\c++ scripts\fiber_tracking_cuda\fiber_tracking_cuda\initialization.h(175): warning C4244: '=': Konvertierung von 'double' in 'float', möglicher Datenverlust
     1>c:\eth\neuro\globaltracking\scripts\c++ scripts\fiber_tracking_cuda\fiber_tracking_cuda\initialization.h(179): warning C4244: '=': Konvertierung von 'double' in 'float', möglicher Datenverlust
     1>c:\eth\neuro\globaltracking\scripts\c++ scripts\fiber_tracking_cuda\fiber_tracking_cuda\initialization.h(232): warning C4244: 'Initialisierung': Konvertierung von 'double' in 'int', möglicher Datenverlust
     1>c:\eth\neuro\globaltracking\scripts\c++ scripts\fiber_tracking_cuda\fiber_tracking_cuda\initialization.h(233): warning C4244: 'Initialisierung': Konvertierung von 'double' in 'int', möglicher Datenverlust
     1>c:\eth\neuro\globaltracking\scripts\c++ scripts\fiber_tracking_cuda\fiber_tracking_cuda\initialization.h(234): warning C4244: 'Initialisierung': Konvertierung von 'double' in 'int', möglicher Datenverlust
     1>c:\eth\neuro\globaltracking\scripts\c++ scripts\fiber_tracking_cuda\fiber_tracking_cuda\initialization.h(245): warning C4244: 'Initialisierung': Konvertierung von 'double' in 'int', möglicher Datenverlust
     1>c:\eth\neuro\globaltracking\scripts\c++ scripts\fiber_tracking_cuda\fiber_tracking_cuda\initialization.h(246): warning C4244: 'Initialisierung': Konvertierung von 'double' in 'int', möglicher Datenverlust
     1>c:\eth\neuro\globaltracking\scripts\c++ scripts\fiber_tracking_cuda\fiber_tracking_cuda\initialization.h(247): warning C4244: 'Initialisierung': Konvertierung von 'double' in 'int', möglicher Datenverlust
     1>c:\apps\gnuplot\gnucpp\gnuplot_i.hpp(1875): warning C4715: "Gnuplot::file_available": Nicht alle Steuerelementpfade geben einen Wert zurück.
       Link:
         C:\Apps\Visual Studio 13\VC\bin\link.exe /ERRORREPORT:PROMPT /OUT:"C:\ETH\Neuro\GlobalTracking\scripts\c++ scripts\fiber_tracking_cuda\Debug\fiber_tracking_cuda.exe" /INCREMENTAL /NOLOGO /LIBPATH:"C:\Program Files\NVIDIA GPU Computing Toolkit\CUDA\v7.0\lib\Win32" cudart.lib kernel32.lib user32.lib gdi32.lib winspool.lib comdlg32.lib advapi32.lib shell32.lib ole32.lib oleaut32.lib uuid.lib odbc32.lib odbccp32.lib kernel32.lib user32.lib gdi32.lib winspool.lib comdlg32.lib advapi32.lib shell32.lib ole32.lib oleaut32.lib uuid.lib odbc32.lib odbccp32.lib /MANIFEST /MANIFESTUAC:"level='asInvoker' uiAccess='false'" /manifest:embed /DEBUG /PDB:"C:\ETH\Neuro\GlobalTracking\scripts\c++ scripts\fiber_tracking_cuda\Debug\fiber_tracking_cuda.pdb" /SUBSYSTEM:CONSOLE /TLBID:1 /DYNAMICBASE /NXCOMPAT /IMPLIB:"C:\ETH\Neuro\GlobalTracking\scripts\c++ scripts\fiber_tracking_cuda\Debug\fiber_tracking_cuda.lib" /MACHINE:X86 Debug\kernel.cu.obj
         fiber_tracking_cuda.vcxproj -> C:\ETH\Neuro\GlobalTracking\scripts\c++ scripts\fiber_tracking_cuda\Debug\fiber_tracking_cuda.exe
       PostBuildEvent:
         echo copy "C:\Program Files\NVIDIA GPU Computing Toolkit\CUDA\v7.0\bin\cudart*.dll" "C:\ETH\Neuro\GlobalTracking\scripts\c++ scripts\fiber_tracking_cuda\Debug\"
         copy "C:\Program Files\NVIDIA GPU Computing Toolkit\CUDA\v7.0\bin\cudart*.dll" "C:\ETH\Neuro\GlobalTracking\scripts\c++ scripts\fiber_tracking_cuda\Debug\"
         :VCEnd
         copy "C:\Program Files\NVIDIA GPU Computing Toolkit\CUDA\v7.0\bin\cudart*.dll" "C:\ETH\Neuro\GlobalTracking\scripts\c++ scripts\fiber_tracking_cuda\Debug\"
         C:\Program Files\NVIDIA GPU Computing Toolkit\CUDA\v7.0\bin\cudart32_70.dll
         C:\Program Files\NVIDIA GPU Computing Toolkit\CUDA\v7.0\bin\cudart64_70.dll
                 2 Datei(en) kopiert.
     1>Die Erstellung des Projekts "C:\ETH\Neuro\GlobalTracking\scripts\c++ scripts\fiber_tracking_cuda\fiber_tracking_cuda\fiber_tracking_cuda.vcxproj" ist abgeschlossen, Build Ziel(e).

Build erfolgreich.

Verstrichene Zeit 00:00:06.81
