Der Buildvorgang wurde am 06.09.2015 23:27:47 gestartet.
     1>Projekt "C:\ETH\Neuro\GlobalTracking\scripts\c++ scripts\fiber_tracking_cuda_0_checkerboard\fiber_tracking_cuda_0_checkerboard\fiber_tracking_cuda_0_checkerboard.vcxproj" auf Knoten "2", Build Ziel(e).
     1>AddCudaCompileDeps:
         C:\Apps\VisualStudio2013\VC\bin\cl.exe /E /nologo /showIncludes /TP /D__CUDACC__ /DWIN32 /D_DEBUG /D_CONSOLE /D_MBCS /IC:\Apps\CUDA\include /IC:\Apps\CUDA\bin /IC:\Apps\CUDA\include /I. /FIcuda_runtime.h /c "C:\ETH\Neuro\GlobalTracking\scripts\c++ scripts\fiber_tracking_cuda_0_checkerboard\fiber_tracking_cuda_0_checkerboard\kernel.cu" 
       CudaBuild:
         Compiling CUDA source file kernel.cu...
         cmd.exe /C "C:\Users\VW\AppData\Local\Temp\tmp32bef159072f424d850dc9b797d1a8ad.cmd"
         "C:\Apps\CUDA\bin\nvcc.exe" -gencode=arch=compute_20,code=\"sm_20,compute_20\" --use-local-env --cl-version 2013 -ccbin "C:\Apps\VisualStudio2013\VC\bin"  -IC:\Apps\CUDA\include -IC:\Apps\CUDA\include  -G   --keep-dir Debug -maxrregcount=0  --machine 32 --compile -cudart static  -g   -DWIN32 -D_DEBUG -D_CONSOLE -D_MBCS -Xcompiler "/EHsc /W3 /nologo /Ox /Zi  /MDd  " -o Debug\kernel.cu.obj "C:\ETH\Neuro\GlobalTracking\scripts\c++ scripts\fiber_tracking_cuda_0_checkerboard\fiber_tracking_cuda_0_checkerboard\kernel.cu"
         
         C:\ETH\Neuro\GlobalTracking\scripts\c++ scripts\fiber_tracking_cuda_0_checkerboard\fiber_tracking_cuda_0_checkerboard>"C:\Apps\CUDA\bin\nvcc.exe" -gencode=arch=compute_20,code=\"sm_20,compute_20\" --use-local-env --cl-version 2013 -ccbin "C:\Apps\VisualStudio2013\VC\bin"  -IC:\Apps\CUDA\include -IC:\Apps\CUDA\include  -G   --keep-dir Debug -maxrregcount=0  --machine 32 --compile -cudart static  -g   -DWIN32 -D_DEBUG -D_CONSOLE -D_MBCS -Xcompiler "/EHsc /W3 /nologo /Ox /Zi  /MDd  " -o Debug\kernel.cu.obj "C:\ETH\Neuro\GlobalTracking\scripts\c++ scripts\fiber_tracking_cuda_0_checkerboard\fiber_tracking_cuda_0_checkerboard\kernel.cu" 
     1>C:\Apps\gnuplot\gnucpp\gnuplot_i.hpp(1782): warning : statement is unreachable
     1>C:\Apps\gnuplot\gnucpp\gnuplot_i.hpp(1815): warning : statement is unreachable
     1>C:\Apps\gnuplot\gnucpp\gnuplot_i.hpp(1832): warning : statement is unreachable
     1>C:\Apps\gnuplot\gnucpp\gnuplot_i.hpp(1867): warning : statement is unreachable
     1>C:\Apps\gnuplot\gnucpp\gnuplot_i.hpp(1873): warning : statement is unreachable
     1>C:\Apps\gnuplot\gnucpp\gnuplot_i.hpp(1875): warning : missing return statement at end of non-void function "Gnuplot::file_available"
     1>C:\Apps\gnuplot\gnucpp\gnuplot_i.hpp(1902): warning : statement is unreachable
     1>C:\Apps\gnuplot\gnucpp\gnuplot_i.hpp(1928): warning : statement is unreachable
     1>C:\Apps\gnuplot\gnucpp\gnuplot_i.hpp(1937): warning : statement is unreachable
     1>c:\eth\neuro\globaltracking\scripts\c++ scripts\fiber_tracking_cuda_0_checkerboard\fiber_tracking_cuda_0_checkerboard\energy.h(165): warning : variable "c0" was declared but never referenced
     1>c:\eth\neuro\globaltracking\scripts\c++ scripts\fiber_tracking_cuda_0_checkerboard\fiber_tracking_cuda_0_checkerboard\energy.h(166): warning : variable "c1" was declared but never referenced
     1>C:\Apps\gnuplot\gnucpp\gnuplot_i.hpp(699): warning : statement is unreachable
     1>C:\Apps\gnuplot\gnucpp\gnuplot_i.hpp(733): warning : statement is unreachable
     1>C:\Apps\gnuplot\gnucpp\gnuplot_i.hpp(739): warning : statement is unreachable
     1>C:\Apps\gnuplot\gnucpp\gnuplot_i.hpp(821): warning : statement is unreachable
     1>C:\Apps\gnuplot\gnucpp\gnuplot_i.hpp(827): warning : statement is unreachable
     1>C:\Apps\gnuplot\gnucpp\gnuplot_i.hpp(699): warning : statement is unreachable
     1>C:\Apps\gnuplot\gnucpp\gnuplot_i.hpp(733): warning : statement is unreachable
     1>C:\Apps\gnuplot\gnucpp\gnuplot_i.hpp(739): warning : statement is unreachable
     1>C:\Apps\gnuplot\gnucpp\gnuplot_i.hpp(776): warning : statement is unreachable
     1>C:\Apps\gnuplot\gnucpp\gnuplot_i.hpp(782): warning : statement is unreachable
     1>C:\Apps\gnuplot\gnucpp\gnuplot_i.hpp(821): warning : statement is unreachable
     1>C:\Apps\gnuplot\gnucpp\gnuplot_i.hpp(827): warning : statement is unreachable
     1>C:\Apps\gnuplot\gnucpp\gnuplot_i.hpp(1782): warning : statement is unreachable
     1>C:\Apps\gnuplot\gnucpp\gnuplot_i.hpp(1815): warning : statement is unreachable
     1>C:\Apps\gnuplot\gnucpp\gnuplot_i.hpp(1832): warning : statement is unreachable
     1>C:\Apps\gnuplot\gnucpp\gnuplot_i.hpp(1867): warning : statement is unreachable
     1>C:\Apps\gnuplot\gnucpp\gnuplot_i.hpp(1873): warning : statement is unreachable
     1>C:\Apps\gnuplot\gnucpp\gnuplot_i.hpp(1875): warning : missing return statement at end of non-void function "Gnuplot::file_available"
     1>C:\Apps\gnuplot\gnucpp\gnuplot_i.hpp(1902): warning : statement is unreachable
     1>C:\Apps\gnuplot\gnucpp\gnuplot_i.hpp(1928): warning : statement is unreachable
     1>C:\Apps\gnuplot\gnucpp\gnuplot_i.hpp(1937): warning : statement is unreachable
     1>c:\eth\neuro\globaltracking\scripts\c++ scripts\fiber_tracking_cuda_0_checkerboard\fiber_tracking_cuda_0_checkerboard\energy.h(165): warning : variable "c0" was declared but never referenced
     1>c:\eth\neuro\globaltracking\scripts\c++ scripts\fiber_tracking_cuda_0_checkerboard\fiber_tracking_cuda_0_checkerboard\energy.h(166): warning : variable "c1" was declared but never referenced
         kernel.cu
     1>C:\Apps\gnuplot\gnucpp\gnuplot_i.hpp(1601): warning C4018: '<': Konflikt zwischen 'signed' und 'unsigned'
     1>C:\Apps\gnuplot\gnucpp\gnuplot_i.hpp(1603): warning C4018: '<': Konflikt zwischen 'signed' und 'unsigned'
     1>c:\eth\neuro\globaltracking\scripts\c++ scripts\fiber_tracking_cuda_0_checkerboard\fiber_tracking_cuda_0_checkerboard\definitions.h(90): warning C4244: 'Initialisierung': Konvertierung von 'float' in 'long', möglicher Datenverlust
     1>c:\eth\neuro\globaltracking\scripts\c++ scripts\fiber_tracking_cuda_0_checkerboard\fiber_tracking_cuda_0_checkerboard\definitions.h(102): warning C4244: 'return': Konvertierung von 'double' in 'float', möglicher Datenverlust
     1>c:\eth\neuro\globaltracking\scripts\c++ scripts\fiber_tracking_cuda_0_checkerboard\fiber_tracking_cuda_0_checkerboard\definitions.h(119): warning C4244: 'Initialisierung': Konvertierung von 'double' in 'float', möglicher Datenverlust
     1>c:\eth\neuro\globaltracking\scripts\c++ scripts\fiber_tracking_cuda_0_checkerboard\fiber_tracking_cuda_0_checkerboard\mc_helper_functions.h(67): warning C4244: 'return': Konvertierung von 'unsigned __int64' in 'int', möglicher Datenverlust
     1>c:\eth\neuro\globaltracking\scripts\c++ scripts\fiber_tracking_cuda_0_checkerboard\fiber_tracking_cuda_0_checkerboard\mc_helper_functions.h(93): warning C4146: Einem vorzeichenlosen Typ wurde ein unärer Minus-Operator zugewiesen. Das Ergebnis ist weiterhin vorzeichenlos.
     1>c:\eth\neuro\globaltracking\scripts\c++ scripts\fiber_tracking_cuda_0_checkerboard\fiber_tracking_cuda_0_checkerboard\energy.h(31): warning C4244: 'return': Konvertierung von 'double' in 'float', möglicher Datenverlust
     1>c:\eth\neuro\globaltracking\scripts\c++ scripts\fiber_tracking_cuda_0_checkerboard\fiber_tracking_cuda_0_checkerboard\energy.h(173): warning C4244: 'Argument': Konvertierung von 'int' in 'float', möglicher Datenverlust
     1>c:\eth\neuro\globaltracking\scripts\c++ scripts\fiber_tracking_cuda_0_checkerboard\fiber_tracking_cuda_0_checkerboard\energy.h(173): warning C4244: '+=': Konvertierung von 'double' in 'float', möglicher Datenverlust
     1>c:\eth\neuro\globaltracking\scripts\c++ scripts\fiber_tracking_cuda_0_checkerboard\fiber_tracking_cuda_0_checkerboard\energy.h(174): warning C4244: 'Argument': Konvertierung von 'int' in 'float', möglicher Datenverlust
     1>c:\eth\neuro\globaltracking\scripts\c++ scripts\fiber_tracking_cuda_0_checkerboard\fiber_tracking_cuda_0_checkerboard\energy.h(174): warning C4244: '+=': Konvertierung von 'double' in 'float', möglicher Datenverlust
     1>c:\eth\neuro\globaltracking\scripts\c++ scripts\fiber_tracking_cuda_0_checkerboard\fiber_tracking_cuda_0_checkerboard\energy.h(179): warning C4244: 'Argument': Konvertierung von 'int' in 'float', möglicher Datenverlust
     1>c:\eth\neuro\globaltracking\scripts\c++ scripts\fiber_tracking_cuda_0_checkerboard\fiber_tracking_cuda_0_checkerboard\energy.h(179): warning C4244: '+=': Konvertierung von 'double' in 'float', möglicher Datenverlust
     1>c:\eth\neuro\globaltracking\scripts\c++ scripts\fiber_tracking_cuda_0_checkerboard\fiber_tracking_cuda_0_checkerboard\energy.h(180): warning C4244: 'Argument': Konvertierung von 'int' in 'float', möglicher Datenverlust
     1>c:\eth\neuro\globaltracking\scripts\c++ scripts\fiber_tracking_cuda_0_checkerboard\fiber_tracking_cuda_0_checkerboard\energy.h(180): warning C4244: '+=': Konvertierung von 'double' in 'float', möglicher Datenverlust
     1>c:\eth\neuro\globaltracking\scripts\c++ scripts\fiber_tracking_cuda_0_checkerboard\fiber_tracking_cuda_0_checkerboard\energy.h(209): warning C4244: 'Argument': Konvertierung von 'int' in 'float', möglicher Datenverlust
     1>c:\eth\neuro\globaltracking\scripts\c++ scripts\fiber_tracking_cuda_0_checkerboard\fiber_tracking_cuda_0_checkerboard\energy.h(209): warning C4244: '+=': Konvertierung von 'double' in 'float', möglicher Datenverlust
     1>c:\eth\neuro\globaltracking\scripts\c++ scripts\fiber_tracking_cuda_0_checkerboard\fiber_tracking_cuda_0_checkerboard\energy.h(210): warning C4244: 'Argument': Konvertierung von 'int' in 'float', möglicher Datenverlust
     1>c:\eth\neuro\globaltracking\scripts\c++ scripts\fiber_tracking_cuda_0_checkerboard\fiber_tracking_cuda_0_checkerboard\energy.h(210): warning C4244: '+=': Konvertierung von 'double' in 'float', möglicher Datenverlust
     1>c:\eth\neuro\globaltracking\scripts\c++ scripts\fiber_tracking_cuda_0_checkerboard\fiber_tracking_cuda_0_checkerboard\monte_carlo.h(78): warning C4244: 'Initialisierung': Konvertierung von 'float' in 'int', möglicher Datenverlust
     1>c:\eth\neuro\globaltracking\scripts\c++ scripts\fiber_tracking_cuda_0_checkerboard\fiber_tracking_cuda_0_checkerboard\monte_carlo.h(79): warning C4244: 'Initialisierung': Konvertierung von 'float' in 'int', möglicher Datenverlust
     1>c:\eth\neuro\globaltracking\scripts\c++ scripts\fiber_tracking_cuda_0_checkerboard\fiber_tracking_cuda_0_checkerboard\monte_carlo.h(80): warning C4244: 'Initialisierung': Konvertierung von 'float' in 'int', möglicher Datenverlust
     1>c:\eth\neuro\globaltracking\scripts\c++ scripts\fiber_tracking_cuda_0_checkerboard\fiber_tracking_cuda_0_checkerboard\monte_carlo.h(82): warning C4244: 'Argument': Konvertierung von 'double' in 'float', möglicher Datenverlust
     1>c:\eth\neuro\globaltracking\scripts\c++ scripts\fiber_tracking_cuda_0_checkerboard\fiber_tracking_cuda_0_checkerboard\monte_carlo.h(84): warning C4244: 'Argument': Konvertierung von 'double' in 'float', möglicher Datenverlust
     1>c:\eth\neuro\globaltracking\scripts\c++ scripts\fiber_tracking_cuda_0_checkerboard\fiber_tracking_cuda_0_checkerboard\monte_carlo.h(86): warning C4244: 'Argument': Konvertierung von 'double' in 'float', möglicher Datenverlust
     1>c:\eth\neuro\globaltracking\scripts\c++ scripts\fiber_tracking_cuda_0_checkerboard\fiber_tracking_cuda_0_checkerboard\init_ensemble.h(77): warning C4244: 'Initialisierung': Konvertierung von 'double' in 'int', möglicher Datenverlust
     1>c:\eth\neuro\globaltracking\scripts\c++ scripts\fiber_tracking_cuda_0_checkerboard\fiber_tracking_cuda_0_checkerboard\init_ensemble.h(78): warning C4244: 'Initialisierung': Konvertierung von 'double' in 'int', möglicher Datenverlust
     1>c:\eth\neuro\globaltracking\scripts\c++ scripts\fiber_tracking_cuda_0_checkerboard\fiber_tracking_cuda_0_checkerboard\init_ensemble.h(79): warning C4244: 'Initialisierung': Konvertierung von 'double' in 'int', möglicher Datenverlust
     1>c:\eth\neuro\globaltracking\scripts\c++ scripts\fiber_tracking_cuda_0_checkerboard\fiber_tracking_cuda_0_checkerboard\init_ensemble.h(151): warning C4244: 'Initialisierung': Konvertierung von 'double' in 'float', möglicher Datenverlust
     1>c:\apps\gnuplot\gnucpp\gnuplot_i.hpp(1875): warning C4715: "Gnuplot::file_available": Nicht alle Steuerelementpfade geben einen Wert zurück.
       Link:
         C:\Apps\VisualStudio2013\VC\bin\link.exe /ERRORREPORT:PROMPT /OUT:"C:\ETH\Neuro\GlobalTracking\scripts\c++ scripts\fiber_tracking_cuda_0_checkerboard\Debug\fiber_tracking_cuda_0_checkerboard.exe" /INCREMENTAL /NOLOGO /LIBPATH:C:\Apps\CUDA\lib\Win32 cudart.lib kernel32.lib user32.lib gdi32.lib winspool.lib comdlg32.lib advapi32.lib shell32.lib ole32.lib oleaut32.lib uuid.lib odbc32.lib odbccp32.lib kernel32.lib user32.lib gdi32.lib winspool.lib comdlg32.lib advapi32.lib shell32.lib ole32.lib oleaut32.lib uuid.lib odbc32.lib odbccp32.lib /MANIFEST /MANIFESTUAC:"level='asInvoker' uiAccess='false'" /manifest:embed /DEBUG /PDB:"C:\ETH\Neuro\GlobalTracking\scripts\c++ scripts\fiber_tracking_cuda_0_checkerboard\Debug\fiber_tracking_cuda_0_checkerboard.pdb" /SUBSYSTEM:CONSOLE /TLBID:1 /DYNAMICBASE /NXCOMPAT /IMPLIB:"C:\ETH\Neuro\GlobalTracking\scripts\c++ scripts\fiber_tracking_cuda_0_checkerboard\Debug\fiber_tracking_cuda_0_checkerboard.lib" /MACHINE:X86 Debug\kernel.cu.obj
         fiber_tracking_cuda_0_checkerboard.vcxproj -> C:\ETH\Neuro\GlobalTracking\scripts\c++ scripts\fiber_tracking_cuda_0_checkerboard\Debug\fiber_tracking_cuda_0_checkerboard.exe
       PostBuildEvent:
         echo copy "C:\Apps\CUDA\bin\cudart*.dll" "C:\ETH\Neuro\GlobalTracking\scripts\c++ scripts\fiber_tracking_cuda_0_checkerboard\Debug\"
         copy "C:\Apps\CUDA\bin\cudart*.dll" "C:\ETH\Neuro\GlobalTracking\scripts\c++ scripts\fiber_tracking_cuda_0_checkerboard\Debug\"
         :VCEnd
         copy "C:\Apps\CUDA\bin\cudart*.dll" "C:\ETH\Neuro\GlobalTracking\scripts\c++ scripts\fiber_tracking_cuda_0_checkerboard\Debug\"
         C:\Apps\CUDA\bin\cudart32_70.dll
         C:\Apps\CUDA\bin\cudart64_70.dll
                 2 Datei(en) kopiert.
     1>Die Erstellung des Projekts "C:\ETH\Neuro\GlobalTracking\scripts\c++ scripts\fiber_tracking_cuda_0_checkerboard\fiber_tracking_cuda_0_checkerboard\fiber_tracking_cuda_0_checkerboard.vcxproj" ist abgeschlossen, Build Ziel(e).

Build erfolgreich.

Verstrichene Zeit 00:00:07.80
